This is pdfTeX, Version 3.141592653-2.6-1.40.25 (TeX Live 2023) (preloaded format=mylatexformat 2024.4.23)  23 APR 2024 20:29
entering extended mode
 restricted \write18 enabled.
 %&-line parsing enabled.
**&mylatexformat main.tex
(./main.tex
LaTeX2e <2023-11-01> patch level 1
L3 programming layer <2024-01-22>

==============================================================================
JOB NAME         : "main"
CUSTOMISED FORMAT: "mylatexformat"
PRELOADED FILES:
 article.cls    2023/05/17 v1.4n Standard LaTeX document class
  size10.clo    2023/05/17 v1.4n Standard LaTeX file (size option)
todonotes.sty    2024/01/05
  ifthen.sty    2022/04/13 v1.1d Standard LaTeX ifthen package (DPC)
 xkeyval.sty    2022/06/16 v2.9 package option processing (HA)
 xkeyval.tex    2014/12/03 v2.7a key=value parser (HA)
  xcolor.sty    2023/11/15 v3.01 LaTeX color extensions (UK)
   color.cfg    2016/01/02 v1.6 sample color configuration
  pdftex.def    2022/09/22 v1.2b Graphics/color driver for pdftex
mathcolor.ltx
    tikz.sty    2023-01-15 v3.1.10 (3.1.10)
     pgf.sty    2023-01-15 v3.1.10 (3.1.10)
  pgfrcs.sty    2023-01-15 v3.1.10 (3.1.10)
pgfrcs.code.tex
 pgfcore.sty    2023-01-15 v3.1.10 (3.1.10)
graphicx.sty    2021/09/16 v1.2d Enhanced LaTeX Graphics (DPC,SPQR)
graphics.sty    2022/03/10 v1.4e Standard LaTeX Graphics (DPC,SPQR)
    trig.sty    2021/08/11 v1.11 sin cos tan (DPC)
graphics.cfg    2016/06/04 v1.11 sample graphics configuration
  pgfsys.sty    2023-01-15 v3.1.10 (3.1.10)
pgfsys.code.tex
pgfsyssoftpath.code.tex    2023-01-15 v3.1.10 (3.1.10)
pgfsysprotocol.code.tex    2023-01-15 v3.1.10 (3.1.10)
pgfcore.code.tex
pgfcomp-version-0-65.sty    2023-01-15 v3.1.10 (3.1.10)
pgfcomp-version-1-18.sty    2023-01-15 v3.1.10 (3.1.10)
  pgffor.sty    2023-01-15 v3.1.10 (3.1.10)
 pgfkeys.sty    
pgfkeys.code.tex
 pgfmath.sty    
pgfmath.code.tex
pgffor.code.tex
tikz.code.tex
    calc.sty    2023/07/08 v4.3 Infix arithmetic (KKT,FJ)
mathpartir.sty    2016/02/24 version 1.3.2 Math Paragraph for Typesetting Infer
ence Rules
 amsmath.sty    2023/05/13 v2.17o AMS math features
 amstext.sty    2021/08/26 v2.01 AMS text
  amsgen.sty    1999/11/30 v2.0 generic functions
  amsbsy.sty    1999/11/29 v1.2d Bold Symbols
  amsopn.sty    2022/04/08 v2.04 operator names
verbatimbox.sty    2023/08/08 v3.2\ Routines for placing verbatim text into box
es, useful in places where the verbatim environment is inaccessible. Secondaril
y, for adding vertical buffer around an object.
verbatim.sty    2023-11-06 v1.5v LaTeX2e package for verbatim enhancements
readarray.sty    2021/09/17\ 3.1\ Routines for inputting 2D and 3D array data a
nd recalling it on an element-by-element basis.
 forloop.sty    2023/05/03 v3.0 For Loops for LaTeX
listofitems.sty    2019/08/21 v1.63 Grab items in lists using user-specified se
p char (CT)
hyperref.sty    2024-01-20 v7.01h Hypertext links for LaTeX
   iftex.sty    2022/02/03 v1.0f TeX engine tests
kvsetkeys.sty    2022-10-05 v1.19 Key value parser (HO)
kvdefinekeys.sty    2019-12-19 v1.6 Define keys (HO)
pdfescape.sty    2019/12/09 v1.15 Implements pdfTeX's escape features (HO)
 ltxcmds.sty    2023-12-04 v1.26 LaTeX kernel commands for general use (HO)
pdftexcmds.sty    2020-06-27 v0.33 Utility functions of pdfTeX for LuaTeX (HO)
infwarerr.sty    2019/12/03 v1.5 Providing info/warning/error messages (HO)
 hycolor.sty    2020-01-27 v1.10 Color options for hyperref/bookmark (HO)
 auxhook.sty    2019-12-17 v1.6 Hooks for auxiliary files (HO)
 nameref.sty    2023-11-26 v2.56 Cross-referencing by name of section
refcount.sty    2019/12/15 v3.6 Data extraction from label references (HO)
gettitlestring.sty    2019/12/15 v1.6 Cleanup title references (HO)
kvoptions.sty    2022-06-15 v3.15 Key value format for package options (HO)
etoolbox.sty    2020/10/05 v2.5k e-TeX tools for LaTeX (JAW)
  pd1enc.def    2024-01-20 v7.01h Hyperref: PDFDocEncoding definition (HO)
 intcalc.sty    2019/12/15 v1.3 Expandable calculations with integers (HO)
   puenc.def    2024-01-20 v7.01h Hyperref: PDF Unicode definition (HO)
     url.sty    2013/09/16  ver 3.4  Verb mode for urls, etc.
  bitset.sty    2019/12/09 v1.3 Handle bit-vector datatype (HO)
bigintcalc.sty    2019/12/15 v1.5 Expandable calculations on big integers (HO)
atbegshi-ltx.sty    2021/01/10 v1.0c Emulation of the original atbegshi
package with kernel methods
 hpdftex.def    2024-01-20 v7.01h Hyperref driver for pdfTeX
atveryend-ltx.sty    2020/08/19 v1.0a Emulation of the original atveryend packa
ge
with kernel methods
rerunfilecheck.sty    2022-07-10 v1.10 Rerun checks for auxiliary files (HO)
uniquecounter.sty    2019/12/15 v1.4 Provide unlimited unique counter (HO)
listings.sty    2023/02/27 1.9 (Carsten Heinz)
 lstmisc.sty    2023/02/27 1.9 (Carsten Heinz)
listings.cfg    2023/02/27 1.9 listings configuration
geometry.sty    2020/01/02 v5.9 Page Geometry
  ifvtex.sty    2019/10/25 v1.7 ifvtex legacy package. Use iftex instead.
biblatex.sty    2023/03/05 v3.19 programmable bibliographies (PK/MW)
  logreq.sty    2010/08/04 v1.0 xml request logger
  logreq.def    2010/08/04 v1.0 logreq spec v1.0
  blx-dm.def    2023/03/05 v3.19 biblatex localization (PK/MW)
blx-compat.def    2023/03/05 v3.19 biblatex compatibility (PK/MW)
blx-bibtex.def    2023/03/05 v3.19 biblatex compatibility (PK/MW)
biblatex.def    2023/03/05 v3.19 biblatex compatibility (PK/MW)
standard.bbx    2023/03/05 v3.19 biblatex bibliography style (PK/MW)
 numeric.bbx    2023/03/05 v3.19 biblatex bibliography style (PK/MW)
 numeric.cbx    2023/03/05 v3.19 biblatex citation style (PK/MW)
biblatex.cfg    
   expl3.sty    2024-01-22 L3 programming layer (loader) 
l3backend-pdftex.def    2024-01-04 L3 backend support: PDF output (pdfTeX)
blx-case-expl3.sty    2023/03/05 v3.19 expl3 case changing code for biblatex
  xparse.sty    2023-10-10 L3 Experimental document command parser

==============================================================================
(mylatexformat)Info: start reading document "main"
(mylatexformat)      on input line 22. (\begin{document})
==============================================================================
\@quotelevel=\count460
\@quotereset=\count461

(./main.aux)
\openout1 = `main.aux'.

LaTeX Font Info:    Checking defaults for OML/cmm/m/it on input line 22.
LaTeX Font Info:    ... okay on input line 22.
LaTeX Font Info:    Checking defaults for OMS/cmsy/m/n on input line 22.
LaTeX Font Info:    ... okay on input line 22.
LaTeX Font Info:    Checking defaults for OT1/cmr/m/n on input line 22.
LaTeX Font Info:    ... okay on input line 22.
LaTeX Font Info:    Checking defaults for T1/cmr/m/n on input line 22.
LaTeX Font Info:    ... okay on input line 22.
LaTeX Font Info:    Checking defaults for TS1/cmr/m/n on input line 22.
LaTeX Font Info:    ... okay on input line 22.
LaTeX Font Info:    Checking defaults for OMX/cmex/m/n on input line 22.
LaTeX Font Info:    ... okay on input line 22.
LaTeX Font Info:    Checking defaults for U/cmr/m/n on input line 22.
LaTeX Font Info:    ... okay on input line 22.
LaTeX Font Info:    Checking defaults for PD1/pdf/m/n on input line 22.
LaTeX Font Info:    ... okay on input line 22.
LaTeX Font Info:    Checking defaults for PU/pdf/m/n on input line 22.
LaTeX Font Info:    ... okay on input line 22.
 (/opt/texlive/2023/texmf-dist/tex/context/base/mkii/supp-pdf.mkii
[Loading MPS to PDF converter (version 2006.09.02).]
\scratchcounter=\count462
\scratchdimen=\dimen279
\scratchbox=\box72
\nofMPsegments=\count463
\nofMParguments=\count464
\everyMPshowfont=\toks44
\MPscratchCnt=\count465
\MPscratchDim=\dimen280
\MPnumerator=\count466
\makeMPintoPDFobject=\count467
\everyMPtoPDFconversion=\toks45
) (/home/chester/texmf/tex/latex/epstopdf-pkg/epstopdf-base.sty
Package: epstopdf-base 2020-01-24 v2.11 Base part for package epstopdf
Package epstopdf-base Info: Redefining graphics rule for `.eps' on input line 4
85.

(/home/chester/texmf/tex/latex/latexconfig/epstopdf-sys.cfg
File: epstopdf-sys.cfg 2010/07/13 v1.3 Configuration of (r)epstopdf for TeX Liv
e
))
Package hyperref Info: Link coloring OFF on input line 22.
 (./main.out)
(./main.out)
\@outlinefile=\write5
\openout5 = `main.out'.

\c@lstlisting=\count468

*geometry* driver: auto-detecting
*geometry* detected driver: pdftex
*geometry* verbose mode - [ preamble ] result:
* driver: pdftex
* paper: <default>
* layout: <same size as paper>
* layoutoffset:(h,v)=(0.0pt,0.0pt)
* modes: 
* h-part:(L,W,R)=(92.14519pt, 430.00462pt, 92.14519pt)
* v-part:(T,H,B)=(72.26999pt, 627.30263pt, 95.39737pt)
* \paperwidth=614.295pt
* \paperheight=794.96999pt
* \textwidth=430.00462pt
* \textheight=627.30263pt
* \oddsidemargin=19.8752pt
* \evensidemargin=19.8752pt
* \topmargin=-37.0pt
* \headheight=12.0pt
* \headsep=25.0pt
* \topskip=10.0pt
* \footskip=30.0pt
* \marginparwidth=65.0pt
* \marginparsep=11.0pt
* \columnsep=10.0pt
* \skip\footins=9.0pt plus 4.0pt minus 2.0pt
* \hoffset=0.0pt
* \voffset=0.0pt
* \mag=1000
* \@twocolumnfalse
* \@twosidefalse
* \@mparswitchfalse
* \@reversemarginfalse
* (1in=72.27pt=25.4mm, 1cm=28.453pt)

Package biblatex Info: Trying to load language 'english'...
Package biblatex Info: ... file 'english.lbx' found.
(/home/chester/texmf/tex/latex/biblatex/lbx/english.lbx
File: english.lbx 2023/03/05 v3.19 biblatex localization (PK/MW)
)
Package biblatex Info: Input encoding 'utf8' detected.
Package biblatex Info: Automatic encoding selection.
(biblatex)             Assuming data encoding 'utf8'.
Package biblatex Info: Input encoding 'utf8' detected.
Package biblatex Info: Data encoding 'utf8' specified.
(biblatex)             No need to reencode data.
\openout4 = `mylatexformat-blx.bib'.

Package biblatex Info: Trying to load bibliographic data...
Package biblatex Info: ... file 'main.bbl' found.
 (./main.bbl)
Package biblatex Info: Reference section=0 on input line 22.
Package biblatex Info: Reference segment=0 on input line 22.
 [1{/home/chester/.texlive2023/texmf-var/fonts/map/pdftex/updmap/pdftex.map}]

LaTeX Warning: `!h' float specifier changed to `!ht'.


LaTeX Warning: `!h' float specifier changed to `!ht'.

[2] [3]
Overfull \hbox (9.80164pt too wide) in paragraph at lines 185--194
 [][] 
 []

[4] [5]
Overfull \hbox (41.94061pt too wide) in paragraph at lines 283--306
 [][] 
 []

[6] [7] [8] (./main.aux)
 ***********
LaTeX2e <2023-11-01> patch level 1
L3 programming layer <2024-01-22>
 ***********
Package rerunfilecheck Info: File `main.out' has not changed.
(rerunfilecheck)             Checksum: 63026E8945E56CC67381DB94536F1607;800.
Package logreq Info: Writing requests to 'main.run.xml'.
\openout1 = `main.run.xml'.

 ) 
Here is how much of TeX's memory you used:
 2226 strings out of 448098
 35575 string characters out of 5269582
 2003975 words of memory out of 5000000
 51696 multiletter control sequences out of 15000+600000
 567780 words of font info for 69 fonts, out of 8000000 for 9000
 14 hyphenation exceptions out of 8191
 40i,9n,54p,692b,1491s stack positions out of 10000i,1000n,20000p,200000b,200000s
</home/chester/texmf/fonts/type1/public/amsfonts/cm/cmbx12.pfb></home/chester
/texmf/fonts/type1/public/amsfonts/cm/cmcsc10.pfb></home/chester/texmf/fonts/ty
pe1/public/amsfonts/cm/cmmi10.pfb></home/chester/texmf/fonts/type1/public/amsfo
nts/cm/cmmi7.pfb></home/chester/texmf/fonts/type1/public/amsfonts/cm/cmr10.pfb>
</home/chester/texmf/fonts/type1/public/amsfonts/cm/cmr12.pfb></home/chester/te
xmf/fonts/type1/public/amsfonts/cm/cmr17.pfb></home/chester/texmf/fonts/type1/p
ublic/amsfonts/cm/cmr6.pfb></home/chester/texmf/fonts/type1/public/amsfonts/cm/
cmr7.pfb></home/chester/texmf/fonts/type1/public/amsfonts/cm/cmsy10.pfb></home/
chester/texmf/fonts/type1/public/amsfonts/cm/cmti10.pfb></home/chester/texmf/fo
nts/type1/public/amsfonts/cm/cmtt10.pfb></home/chester/texmf/fonts/type1/public
/amsfonts/cm/cmtt8.pfb>
Output written on main.pdf (8 pages, 181560 bytes).
PDF statistics:
 384 PDF objects out of 1000 (max. 8388607)
 344 compressed objects within 4 object streams
 183 named destinations out of 1000 (max. 500000)
 69 words of extra memory for PDF output out of 10000 (max. 10000000)

